2019-08-13 11:18:52:DRPF:INFO: Framework initialized
2019-08-13 11:18:52:DRPF:INFO: Checking path for files
2019-08-13 11:18:52:DRPF:INFO: Event to action ('ingest_file', 'file_ingested', 'file_ingested')
2019-08-13 11:18:52:DRPF:INFO: Executing action ingest_file
2019-08-13 11:18:53:DRPF:INFO: Appending kb181012_00014.fits data set
2019-08-13 11:18:53:DRPF:INFO: Push event file_ingested, /Users/lrizzi/KCWI_DATA_1/kb181012_00014.fits
2019-08-13 11:18:53:DRPF:INFO: Action ingest_file done
2019-08-13 11:18:53:DRPF:INFO: Event to action ('action_planner', None, None)
2019-08-13 11:18:53:DRPF:INFO: Executing action action_planner
2019-08-13 11:18:53:DRPF:INFO: ******* FILE TYPE DETERMINED AS CONTBARS
2019-08-13 11:18:53:DRPF:INFO: ******* GROUPID is 2018-10-12-14 
2019-08-13 11:18:53:DRPF:INFO: Action action_planner done
2019-08-13 11:18:53:DRPF:INFO: Event to action ('process_contbars', 'contbars_processing_started', 'contbar_subtract_overscan')
2019-08-13 11:18:53:DRPF:INFO: Executing action process_contbars
2019-08-13 11:18:53:DRPF:INFO: Push event contbar_subtract_overscan, /Users/lrizzi/KCWI_DATA_1/kb181012_00014.fits
2019-08-13 11:18:53:DRPF:INFO: Action process_contbars done
2019-08-13 11:18:53:DRPF:INFO: Event to action ('subtract_overscan', 'subtract_overscan_started', 'contbar_trim_overscan')
2019-08-13 11:18:53:DRPF:INFO: Executing action subtract_overscan
2019-08-13 11:18:53:DRPF:INFO: Amp1 Read noise from oscan in e-: 3.436
2019-08-13 11:18:54:DRPF:INFO: Amp2 Read noise from oscan in e-: 3.486
2019-08-13 11:18:55:DRPF:INFO: Amp3 Read noise from oscan in e-: 3.459
2019-08-13 11:18:56:DRPF:INFO: Amp4 Read noise from oscan in e-: 3.377
2019-08-13 11:18:57:DRPF:INFO: Push event contbar_trim_overscan, /Users/lrizzi/KCWI_DATA_1/kb181012_00014.fits
2019-08-13 11:18:57:DRPF:INFO: Action subtract_overscan done
2019-08-13 11:18:57:DRPF:INFO: Event to action ('trim_overscan', 'trim_overscan_started', 'contbar_correct_gain')
2019-08-13 11:18:57:DRPF:INFO: Executing action trim_overscan
2019-08-13 11:18:57:DRPF:INFO: ADDING ATSEC1
2019-08-13 11:18:57:DRPF:INFO: ADDING ATSEC2
2019-08-13 11:18:57:DRPF:INFO: ADDING ATSEC3
2019-08-13 11:18:57:DRPF:INFO: ADDING ATSEC4
2019-08-13 11:18:57:DRPF:INFO: Push event contbar_correct_gain, /Users/lrizzi/KCWI_DATA_1/kb181012_00014.fits
2019-08-13 11:18:57:DRPF:INFO: Action trim_overscan done
2019-08-13 11:18:57:DRPF:INFO: Event to action ('correct_gain', 'gain_correction_started', 'contbar_find_bars')
2019-08-13 11:18:57:DRPF:INFO: Executing action correct_gain
2019-08-13 11:18:57:DRPF:INFO: Applying gain correction of 0.172 in section [1:1024,1:1028]
2019-08-13 11:18:57:DRPF:INFO: Applying gain correction of 0.173 in section [1025:2048,1:1028]
2019-08-13 11:18:57:DRPF:INFO: Applying gain correction of 0.168 in section [1:1024,1029:2056]
2019-08-13 11:18:57:DRPF:INFO: Applying gain correction of 0.174 in section [1025:2048,1029:2056]
2019-08-13 11:18:57:DRPF:INFO: Push event contbar_find_bars, /Users/lrizzi/KCWI_DATA_1/kb181012_00014.fits
2019-08-13 11:18:57:DRPF:INFO: Action correct_gain done
2019-08-13 11:18:57:DRPF:INFO: Event to action ('find_bars', 'find_bars_started', 'contbar_trace_bars')
2019-08-13 11:18:57:DRPF:INFO: Executing action find_bars
2019-08-13 11:18:57:DRPF:INFO: Finding continuum bars
2019-08-13 11:18:57:DRPF:INFO: peak threshold = 727.738732
2019-08-13 11:18:57:DRPF:INFO: found 120 bars
2019-08-13 11:18:59:DRPF:INFO: Found middle centroids for continuum bars
2019-08-13 11:18:59:DRPF:INFO: Push event contbar_trace_bars, /Users/lrizzi/KCWI_DATA_1/kb181012_00014.fits
2019-08-13 11:18:59:DRPF:INFO: Action find_bars done
2019-08-13 11:18:59:DRPF:INFO: Event to action ('trace_bars', 'trace_bars_started', None)
2019-08-13 11:18:59:DRPF:INFO: Executing action trace_bars
2019-08-13 11:18:59:DRPF:INFO: Tracing continuum bars
2019-08-13 11:18:59:DRPF:INFO: bar number 0 is at 18.989
2019-08-13 11:18:59:DRPF:INFO: bar number 1 is at 32.675
2019-08-13 11:18:59:DRPF:INFO: bar number 2 is at 46.387
2019-08-13 11:18:59:DRPF:INFO: bar number 3 is at 60.120
2019-08-13 11:18:59:DRPF:INFO: bar number 4 is at 73.873
2019-08-13 11:18:59:DRPF:INFO: bar number 5 is at 98.398
2019-08-13 11:18:59:DRPF:INFO: bar number 6 is at 112.100
2019-08-13 11:18:59:DRPF:INFO: bar number 7 is at 125.813
2019-08-13 11:18:59:DRPF:INFO: bar number 8 is at 139.561
2019-08-13 11:18:59:DRPF:INFO: bar number 9 is at 153.334
2019-08-13 11:18:59:DRPF:INFO: bar number 10 is at 176.075
2019-08-13 11:18:59:DRPF:INFO: bar number 11 is at 189.808
2019-08-13 11:18:59:DRPF:INFO: bar number 12 is at 203.534
2019-08-13 11:18:59:DRPF:INFO: bar number 13 is at 217.283
2019-08-13 11:18:59:DRPF:INFO: bar number 14 is at 231.058
2019-08-13 11:18:59:DRPF:INFO: bar number 15 is at 253.409
2019-08-13 11:18:59:DRPF:INFO: bar number 16 is at 267.121
2019-08-13 11:18:59:DRPF:INFO: bar number 17 is at 280.854
2019-08-13 11:18:59:DRPF:INFO: bar number 18 is at 294.604
2019-08-13 11:18:59:DRPF:INFO: bar number 19 is at 308.388
2019-08-13 11:18:59:DRPF:INFO: bar number 20 is at 328.757
2019-08-13 11:18:59:DRPF:INFO: bar number 21 is at 342.473
2019-08-13 11:18:59:DRPF:INFO: bar number 22 is at 356.213
2019-08-13 11:18:59:DRPF:INFO: bar number 23 is at 369.980
2019-08-13 11:18:59:DRPF:INFO: bar number 24 is at 383.776
2019-08-13 11:18:59:DRPF:INFO: bar number 25 is at 403.254
2019-08-13 11:18:59:DRPF:INFO: bar number 26 is at 417.016
2019-08-13 11:18:59:DRPF:INFO: bar number 27 is at 430.758
2019-08-13 11:18:59:DRPF:INFO: bar number 28 is at 444.504
2019-08-13 11:18:59:DRPF:INFO: bar number 29 is at 458.303
2019-08-13 11:18:59:DRPF:INFO: bar number 30 is at 476.905
2019-08-13 11:18:59:DRPF:INFO: bar number 31 is at 490.627
2019-08-13 11:18:59:DRPF:INFO: bar number 32 is at 504.361
2019-08-13 11:18:59:DRPF:INFO: bar number 33 is at 518.131
2019-08-13 11:18:59:DRPF:INFO: bar number 34 is at 531.933
2019-08-13 11:18:59:DRPF:INFO: bar number 35 is at 550.216
2019-08-13 11:18:59:DRPF:INFO: bar number 36 is at 563.984
2019-08-13 11:18:59:DRPF:INFO: bar number 37 is at 577.742
2019-08-13 11:18:59:DRPF:INFO: bar number 38 is at 591.502
2019-08-13 11:18:59:DRPF:INFO: bar number 39 is at 605.308
2019-08-13 11:18:59:DRPF:INFO: bar number 40 is at 623.837
2019-08-13 11:18:59:DRPF:INFO: bar number 41 is at 637.608
2019-08-13 11:18:59:DRPF:INFO: bar number 42 is at 651.363
2019-08-13 11:18:59:DRPF:INFO: bar number 43 is at 665.146
2019-08-13 11:18:59:DRPF:INFO: bar number 44 is at 678.959
2019-08-13 11:18:59:DRPF:INFO: bar number 45 is at 697.663
2019-08-13 11:18:59:DRPF:INFO: bar number 46 is at 711.410
2019-08-13 11:18:59:DRPF:INFO: bar number 47 is at 725.163
2019-08-13 11:18:59:DRPF:INFO: bar number 48 is at 738.923
2019-08-13 11:18:59:DRPF:INFO: bar number 49 is at 752.702
2019-08-13 11:18:59:DRPF:INFO: bar number 50 is at 771.579
2019-08-13 11:18:59:DRPF:INFO: bar number 51 is at 785.345
2019-08-13 11:18:59:DRPF:INFO: bar number 52 is at 799.089
2019-08-13 11:18:59:DRPF:INFO: bar number 53 is at 812.854
2019-08-13 11:18:59:DRPF:INFO: bar number 54 is at 826.628
2019-08-13 11:18:59:DRPF:INFO: bar number 55 is at 845.036
2019-08-13 11:18:59:DRPF:INFO: bar number 56 is at 858.800
2019-08-13 11:18:59:DRPF:INFO: bar number 57 is at 872.576
2019-08-13 11:18:59:DRPF:INFO: bar number 58 is at 886.352
2019-08-13 11:18:59:DRPF:INFO: bar number 59 is at 900.141
2019-08-13 11:18:59:DRPF:INFO: bar number 60 is at 1123.364
2019-08-13 11:18:59:DRPF:INFO: bar number 61 is at 1137.147
2019-08-13 11:18:59:DRPF:INFO: bar number 62 is at 1150.915
2019-08-13 11:18:59:DRPF:INFO: bar number 63 is at 1164.699
2019-08-13 11:18:59:DRPF:INFO: bar number 64 is at 1178.492
2019-08-13 11:18:59:DRPF:INFO: bar number 65 is at 1196.439
2019-08-13 11:18:59:DRPF:INFO: bar number 66 is at 1210.219
2019-08-13 11:18:59:DRPF:INFO: bar number 67 is at 1223.985
2019-08-13 11:18:59:DRPF:INFO: bar number 68 is at 1237.741
2019-08-13 11:18:59:DRPF:INFO: bar number 69 is at 1251.557
2019-08-13 11:18:59:DRPF:INFO: bar number 70 is at 1270.515
2019-08-13 11:18:59:DRPF:INFO: bar number 71 is at 1284.271
2019-08-13 11:18:59:DRPF:INFO: bar number 72 is at 1298.037
2019-08-13 11:18:59:DRPF:INFO: bar number 73 is at 1311.805
2019-08-13 11:18:59:DRPF:INFO: bar number 74 is at 1325.603
2019-08-13 11:18:59:DRPF:INFO: bar number 75 is at 1343.430
2019-08-13 11:18:59:DRPF:INFO: bar number 76 is at 1357.219
2019-08-13 11:18:59:DRPF:INFO: bar number 77 is at 1370.979
2019-08-13 11:18:59:DRPF:INFO: bar number 78 is at 1384.730
2019-08-13 11:18:59:DRPF:INFO: bar number 79 is at 1398.542
2019-08-13 11:18:59:DRPF:INFO: bar number 80 is at 1417.180
2019-08-13 11:18:59:DRPF:INFO: bar number 81 is at 1430.932
2019-08-13 11:18:59:DRPF:INFO: bar number 82 is at 1444.683
2019-08-13 11:18:59:DRPF:INFO: bar number 83 is at 1458.456
2019-08-13 11:18:59:DRPF:INFO: bar number 84 is at 1472.253
2019-08-13 11:18:59:DRPF:INFO: bar number 85 is at 1490.545
2019-08-13 11:18:59:DRPF:INFO: bar number 86 is at 1504.306
2019-08-13 11:18:59:DRPF:INFO: bar number 87 is at 1518.054
2019-08-13 11:18:59:DRPF:INFO: bar number 88 is at 1531.803
2019-08-13 11:18:59:DRPF:INFO: bar number 89 is at 1545.597
2019-08-13 11:18:59:DRPF:INFO: bar number 90 is at 1564.437
2019-08-13 11:18:59:DRPF:INFO: bar number 91 is at 1578.187
2019-08-13 11:18:59:DRPF:INFO: bar number 92 is at 1591.931
2019-08-13 11:18:59:DRPF:INFO: bar number 93 is at 1605.681
2019-08-13 11:19:00:DRPF:INFO: bar number 94 is at 1619.467
2019-08-13 11:19:00:DRPF:INFO: bar number 95 is at 1638.388
2019-08-13 11:19:00:DRPF:INFO: bar number 96 is at 1652.127
2019-08-13 11:19:00:DRPF:INFO: bar number 97 is at 1665.865
2019-08-13 11:19:00:DRPF:INFO: bar number 98 is at 1679.597
2019-08-13 11:19:00:DRPF:INFO: bar number 99 is at 1693.364
2019-08-13 11:19:00:DRPF:INFO: bar number 100 is at 1713.765
2019-08-13 11:19:00:DRPF:INFO: bar number 101 is at 1727.504
2019-08-13 11:19:00:DRPF:INFO: bar number 102 is at 1741.222
2019-08-13 11:19:00:DRPF:INFO: bar number 103 is at 1754.973
2019-08-13 11:19:00:DRPF:INFO: bar number 104 is at 1768.719
2019-08-13 11:19:00:DRPF:INFO: bar number 105 is at 1790.420
2019-08-13 11:19:00:DRPF:INFO: bar number 106 is at 1804.150
2019-08-13 11:19:00:DRPF:INFO: bar number 107 is at 1817.869
2019-08-13 11:19:00:DRPF:INFO: bar number 108 is at 1831.602
2019-08-13 11:19:00:DRPF:INFO: bar number 109 is at 1845.354
2019-08-13 11:19:00:DRPF:INFO: bar number 110 is at 1867.945
2019-08-13 11:19:00:DRPF:INFO: bar number 111 is at 1881.680
2019-08-13 11:19:00:DRPF:INFO: bar number 112 is at 1895.403
2019-08-13 11:19:00:DRPF:INFO: bar number 113 is at 1909.084
2019-08-13 11:19:00:DRPF:INFO: bar number 114 is at 1922.833
2019-08-13 11:19:00:DRPF:INFO: bar number 115 is at 1947.753
2019-08-13 11:19:00:DRPF:INFO: bar number 116 is at 1961.477
2019-08-13 11:19:00:DRPF:INFO: bar number 117 is at 1975.167
2019-08-13 11:19:00:DRPF:INFO: bar number 118 is at 1988.867
2019-08-13 11:19:00:DRPF:INFO: bar number 119 is at 2002.601
2019-08-13 11:19:01:DRPF:INFO: Fitting spatial control points
2019-08-13 11:19:04:DRPF:INFO: Transforming bars image
2019-08-13 11:19:06:DRPF:INFO: Transformed bars produced
2019-08-13 11:19:06:DRPF:INFO: Action trace_bars done
2019-08-13 11:19:12:DRPF:ERROR: Exception while processing action , 'str' object has no attribute 'name'
